{"C:\\appnew\\ZipChat\\backend\\Chatroom.js": {"path":"C:\\appnew\\ZipChat\\backend\\Chatroom.js","statementMap":{"0":{"start":{"line":1,"column":17},"end":{"line":1,"column":36}},"1":{"start":{"line":3,"column":22},"end":{"line":7,"column":2}},"2":{"start":{"line":9,"column":23},"end":{"line":13,"column":2}},"3":{"start":{"line":15,"column":0},"end":{"line":15,"column":59}}},"fnMap":{},"branchMap":{},"s":{"0":3,"1":3,"2":3,"3":3},"f":{},"b":{},"_coverageSchema":"1a1c01bbd47fc00a2c39e90264f33305004495a9","hash":"8bdd7c59e8659713ae6958187ded3e8630d77430"}
,"C:\\appnew\\ZipChat\\backend\\User.js": {"path":"C:\\appnew\\ZipChat\\backend\\User.js","statementMap":{"0":{"start":{"line":1,"column":17},"end":{"line":1,"column":36}},"1":{"start":{"line":3,"column":19},"end":{"line":9,"column":2}},"2":{"start":{"line":11,"column":0},"end":{"line":11,"column":51}}},"fnMap":{},"branchMap":{},"s":{"0":5,"1":5,"2":5},"f":{},"b":{},"_coverageSchema":"1a1c01bbd47fc00a2c39e90264f33305004495a9","hash":"3d301e423e3d8dd4cab0433df9c6323e3dac785a"}
,"C:\\appnew\\ZipChat\\backend\\auth.js": {"path":"C:\\appnew\\ZipChat\\backend\\auth.js","statementMap":{"0":{"start":{"line":3,"column":16},"end":{"line":3,"column":34}},"1":{"start":{"line":4,"column":15},"end":{"line":4,"column":31}},"2":{"start":{"line":5,"column":16},"end":{"line":5,"column":43}},"3":{"start":{"line":6,"column":15},"end":{"line":6,"column":34}},"4":{"start":{"line":7,"column":13},"end":{"line":7,"column":30}},"5":{"start":{"line":8,"column":12},"end":{"line":8,"column":35}},"6":{"start":{"line":9,"column":17},"end":{"line":9,"column":36}},"7":{"start":{"line":10,"column":0},"end":{"line":10,"column":27}},"8":{"start":{"line":12,"column":0},"end":{"line":14,"column":3}},"9":{"start":{"line":13,"column":4},"end":{"line":13,"column":59}},"10":{"start":{"line":16,"column":0},"end":{"line":18,"column":3}},"11":{"start":{"line":17,"column":4},"end":{"line":17,"column":68}},"12":{"start":{"line":22,"column":0},"end":{"line":50,"column":3}},"13":{"start":{"line":23,"column":33},"end":{"line":23,"column":41}},"14":{"start":{"line":24,"column":4},"end":{"line":26,"column":5}},"15":{"start":{"line":25,"column":8},"end":{"line":25,"column":86}},"16":{"start":{"line":28,"column":4},"end":{"line":30,"column":5}},"17":{"start":{"line":29,"column":8},"end":{"line":29,"column":84}},"18":{"start":{"line":31,"column":4},"end":{"line":33,"column":5}},"19":{"start":{"line":32,"column":8},"end":{"line":32,"column":84}},"20":{"start":{"line":34,"column":4},"end":{"line":36,"column":5}},"21":{"start":{"line":35,"column":8},"end":{"line":35,"column":91}},"22":{"start":{"line":37,"column":4},"end":{"line":39,"column":5}},"23":{"start":{"line":38,"column":8},"end":{"line":38,"column":91}},"24":{"start":{"line":41,"column":17},"end":{"line":41,"column":47}},"25":{"start":{"line":42,"column":4},"end":{"line":44,"column":5}},"26":{"start":{"line":43,"column":8},"end":{"line":43,"column":70}},"27":{"start":{"line":45,"column":16},"end":{"line":45,"column":39}},"28":{"start":{"line":46,"column":18},"end":{"line":46,"column":66}},"29":{"start":{"line":47,"column":21},"end":{"line":47,"column":56}},"30":{"start":{"line":48,"column":4},"end":{"line":48,"column":32}},"31":{"start":{"line":52,"column":0},"end":{"line":98,"column":3}},"32":{"start":{"line":53,"column":4},"end":{"line":97,"column":5}},"33":{"start":{"line":54,"column":59},"end":{"line":54,"column":67}},"34":{"start":{"line":55,"column":8},"end":{"line":55,"column":64}},"35":{"start":{"line":57,"column":8},"end":{"line":59,"column":9}},"36":{"start":{"line":58,"column":12},"end":{"line":58,"column":88}},"37":{"start":{"line":60,"column":8},"end":{"line":62,"column":9}},"38":{"start":{"line":61,"column":12},"end":{"line":61,"column":88}},"39":{"start":{"line":63,"column":8},"end":{"line":65,"column":9}},"40":{"start":{"line":64,"column":12},"end":{"line":64,"column":95}},"41":{"start":{"line":66,"column":8},"end":{"line":68,"column":9}},"42":{"start":{"line":67,"column":12},"end":{"line":67,"column":95}},"43":{"start":{"line":70,"column":29},"end":{"line":70,"column":59}},"44":{"start":{"line":71,"column":8},"end":{"line":74,"column":9}},"45":{"start":{"line":72,"column":12},"end":{"line":72,"column":59}},"46":{"start":{"line":73,"column":12},"end":{"line":73,"column":73}},"47":{"start":{"line":76,"column":31},"end":{"line":76,"column":62}},"48":{"start":{"line":77,"column":8},"end":{"line":77,"column":66}},"49":{"start":{"line":79,"column":28},"end":{"line":79,"column":74}},"50":{"start":{"line":80,"column":8},"end":{"line":83,"column":9}},"51":{"start":{"line":81,"column":12},"end":{"line":81,"column":48}},"52":{"start":{"line":82,"column":12},"end":{"line":82,"column":46}},"53":{"start":{"line":84,"column":24},"end":{"line":84,"column":45}},"54":{"start":{"line":86,"column":8},"end":{"line":86,"column":29}},"55":{"start":{"line":88,"column":8},"end":{"line":92,"column":9}},"56":{"start":{"line":89,"column":12},"end":{"line":89,"column":118}},"57":{"start":{"line":91,"column":8},"end":{"line":91,"column":73}},"58":{"start":{"line":95,"column":8},"end":{"line":95,"column":29}},"59":{"start":{"line":96,"column":8},"end":{"line":96,"column":56}},"60":{"start":{"line":100,"column":0},"end":{"line":134,"column":3}},"61":{"start":{"line":101,"column":49},"end":{"line":101,"column":63}},"62":{"start":{"line":103,"column":4},"end":{"line":105,"column":5}},"63":{"start":{"line":104,"column":8},"end":{"line":104,"column":90}},"64":{"start":{"line":106,"column":4},"end":{"line":108,"column":5}},"65":{"start":{"line":107,"column":8},"end":{"line":107,"column":86}},"66":{"start":{"line":109,"column":4},"end":{"line":111,"column":5}},"67":{"start":{"line":110,"column":8},"end":{"line":110,"column":85}},"68":{"start":{"line":113,"column":4},"end":{"line":133,"column":5}},"69":{"start":{"line":114,"column":22},"end":{"line":114,"column":73}},"70":{"start":{"line":115,"column":8},"end":{"line":117,"column":9}},"71":{"start":{"line":116,"column":12},"end":{"line":116,"column":85}},"72":{"start":{"line":118,"column":24},"end":{"line":118,"column":65}},"73":{"start":{"line":119,"column":21},"end":{"line":119,"column":52}},"74":{"start":{"line":121,"column":8},"end":{"line":123,"column":9}},"75":{"start":{"line":122,"column":12},"end":{"line":122,"column":68}},"76":{"start":{"line":124,"column":8},"end":{"line":124,"column":37}},"77":{"start":{"line":125,"column":8},"end":{"line":125,"column":35}},"78":{"start":{"line":126,"column":8},"end":{"line":126,"column":39}},"79":{"start":{"line":127,"column":8},"end":{"line":127,"column":26}},"80":{"start":{"line":129,"column":8},"end":{"line":129,"column":86}},"81":{"start":{"line":131,"column":8},"end":{"line":131,"column":29}},"82":{"start":{"line":132,"column":8},"end":{"line":132,"column":74}},"83":{"start":{"line":137,"column":0},"end":{"line":149,"column":3}},"84":{"start":{"line":138,"column":4},"end":{"line":148,"column":5}},"85":{"start":{"line":139,"column":21},"end":{"line":139,"column":72}},"86":{"start":{"line":141,"column":8},"end":{"line":143,"column":9}},"87":{"start":{"line":142,"column":12},"end":{"line":142,"column":68}},"88":{"start":{"line":144,"column":8},"end":{"line":144,"column":69}},"89":{"start":{"line":146,"column":8},"end":{"line":146,"column":51}},"90":{"start":{"line":147,"column":8},"end":{"line":147,"column":54}},"91":{"start":{"line":152,"column":0},"end":{"line":173,"column":3}},"92":{"start":{"line":153,"column":34},"end":{"line":153,"column":42}},"93":{"start":{"line":155,"column":4},"end":{"line":157,"column":5}},"94":{"start":{"line":156,"column":8},"end":{"line":156,"column":65}},"95":{"start":{"line":158,"column":4},"end":{"line":172,"column":5}},"96":{"start":{"line":160,"column":21},"end":{"line":164,"column":9}},"97":{"start":{"line":167,"column":8},"end":{"line":167,"column":75}},"98":{"start":{"line":167,"column":18},"end":{"line":167,"column":75}},"99":{"start":{"line":169,"column":8},"end":{"line":169,"column":35}},"100":{"start":{"line":171,"column":8},"end":{"line":171,"column":51}},"101":{"start":{"line":212,"column":0},"end":{"line":228,"column":3}},"102":{"start":{"line":213,"column":4},"end":{"line":227,"column":5}},"103":{"start":{"line":214,"column":21},"end":{"line":214,"column":94}},"104":{"start":{"line":215,"column":8},"end":{"line":217,"column":9}},"105":{"start":{"line":216,"column":12},"end":{"line":216,"column":71}},"106":{"start":{"line":219,"column":8},"end":{"line":223,"column":11}},"107":{"start":{"line":225,"column":8},"end":{"line":225,"column":65}},"108":{"start":{"line":226,"column":8},"end":{"line":226,"column":58}},"109":{"start":{"line":232,"column":0},"end":{"line":232,"column":24}}},"fnMap":{"0":{"name":"(anonymous_0)","decl":{"start":{"line":12,"column":16},"end":{"line":12,"column":17}},"loc":{"start":{"line":12,"column":30},"end":{"line":14,"column":1}},"line":12},"1":{"name":"(anonymous_1)","decl":{"start":{"line":16,"column":17},"end":{"line":16,"column":18}},"loc":{"start":{"line":16,"column":31},"end":{"line":18,"column":1}},"line":16},"2":{"name":"(anonymous_2)","decl":{"start":{"line":22,"column":22},"end":{"line":22,"column":23}},"loc":{"start":{"line":22,"column":41},"end":{"line":50,"column":1}},"line":22},"3":{"name":"(anonymous_3)","decl":{"start":{"line":52,"column":25},"end":{"line":52,"column":26}},"loc":{"start":{"line":52,"column":44},"end":{"line":98,"column":1}},"line":52},"4":{"name":"(anonymous_4)","decl":{"start":{"line":100,"column":24},"end":{"line":100,"column":25}},"loc":{"start":{"line":100,"column":44},"end":{"line":134,"column":1}},"line":100},"5":{"name":"(anonymous_5)","decl":{"start":{"line":137,"column":25},"end":{"line":137,"column":26}},"loc":{"start":{"line":137,"column":45},"end":{"line":149,"column":1}},"line":137},"6":{"name":"(anonymous_6)","decl":{"start":{"line":152,"column":22},"end":{"line":152,"column":23}},"loc":{"start":{"line":152,"column":41},"end":{"line":173,"column":1}},"line":152},"7":{"name":"(anonymous_7)","decl":{"start":{"line":212,"column":30},"end":{"line":212,"column":31}},"loc":{"start":{"line":212,"column":50},"end":{"line":228,"column":1}},"line":212}},"branchMap":{"0":{"loc":{"start":{"line":24,"column":4},"end":{"line":26,"column":5}},"type":"if","locations":[{"start":{"line":24,"column":4},"end":{"line":26,"column":5}},{"start":{},"end":{}}],"line":24},"1":{"loc":{"start":{"line":24,"column":7},"end":{"line":24,"column":29}},"type":"binary-expr","locations":[{"start":{"line":24,"column":7},"end":{"line":24,"column":16}},{"start":{"line":24,"column":20},"end":{"line":24,"column":29}}],"line":24},"2":{"loc":{"start":{"line":28,"column":4},"end":{"line":30,"column":5}},"type":"if","locations":[{"start":{"line":28,"column":4},"end":{"line":30,"column":5}},{"start":{},"end":{}}],"line":28},"3":{"loc":{"start":{"line":31,"column":4},"end":{"line":33,"column":5}},"type":"if","locations":[{"start":{"line":31,"column":4},"end":{"line":33,"column":5}},{"start":{},"end":{}}],"line":31},"4":{"loc":{"start":{"line":34,"column":4},"end":{"line":36,"column":5}},"type":"if","locations":[{"start":{"line":34,"column":4},"end":{"line":36,"column":5}},{"start":{},"end":{}}],"line":34},"5":{"loc":{"start":{"line":37,"column":4},"end":{"line":39,"column":5}},"type":"if","locations":[{"start":{"line":37,"column":4},"end":{"line":39,"column":5}},{"start":{},"end":{}}],"line":37},"6":{"loc":{"start":{"line":42,"column":4},"end":{"line":44,"column":5}},"type":"if","locations":[{"start":{"line":42,"column":4},"end":{"line":44,"column":5}},{"start":{},"end":{}}],"line":42},"7":{"loc":{"start":{"line":42,"column":7},"end":{"line":42,"column":62}},"type":"binary-expr","locations":[{"start":{"line":42,"column":7},"end":{"line":42,"column":12}},{"start":{"line":42,"column":16},"end":{"line":42,"column":62}}],"line":42},"8":{"loc":{"start":{"line":47,"column":21},"end":{"line":47,"column":56}},"type":"binary-expr","locations":[{"start":{"line":47,"column":21},"end":{"line":47,"column":37}},{"start":{"line":47,"column":41},"end":{"line":47,"column":56}}],"line":47},"9":{"loc":{"start":{"line":57,"column":8},"end":{"line":59,"column":9}},"type":"if","locations":[{"start":{"line":57,"column":8},"end":{"line":59,"column":9}},{"start":{},"end":{}}],"line":57},"10":{"loc":{"start":{"line":60,"column":8},"end":{"line":62,"column":9}},"type":"if","locations":[{"start":{"line":60,"column":8},"end":{"line":62,"column":9}},{"start":{},"end":{}}],"line":60},"11":{"loc":{"start":{"line":63,"column":8},"end":{"line":65,"column":9}},"type":"if","locations":[{"start":{"line":63,"column":8},"end":{"line":65,"column":9}},{"start":{},"end":{}}],"line":63},"12":{"loc":{"start":{"line":66,"column":8},"end":{"line":68,"column":9}},"type":"if","locations":[{"start":{"line":66,"column":8},"end":{"line":68,"column":9}},{"start":{},"end":{}}],"line":66},"13":{"loc":{"start":{"line":71,"column":8},"end":{"line":74,"column":9}},"type":"if","locations":[{"start":{"line":71,"column":8},"end":{"line":74,"column":9}},{"start":{},"end":{}}],"line":71},"14":{"loc":{"start":{"line":80,"column":8},"end":{"line":83,"column":9}},"type":"if","locations":[{"start":{"line":80,"column":8},"end":{"line":83,"column":9}},{"start":{},"end":{}}],"line":80},"15":{"loc":{"start":{"line":80,"column":11},"end":{"line":80,"column":34}},"type":"binary-expr","locations":[{"start":{"line":80,"column":11},"end":{"line":80,"column":21}},{"start":{"line":80,"column":25},"end":{"line":80,"column":34}}],"line":80},"16":{"loc":{"start":{"line":88,"column":8},"end":{"line":92,"column":9}},"type":"if","locations":[{"start":{"line":88,"column":8},"end":{"line":92,"column":9}},{"start":{"line":90,"column":15},"end":{"line":92,"column":9}}],"line":88},"17":{"loc":{"start":{"line":88,"column":11},"end":{"line":88,"column":36}},"type":"binary-expr","locations":[{"start":{"line":88,"column":11},"end":{"line":88,"column":22}},{"start":{"line":88,"column":26},"end":{"line":88,"column":36}}],"line":88},"18":{"loc":{"start":{"line":101,"column":49},"end":{"line":101,"column":63}},"type":"binary-expr","locations":[{"start":{"line":101,"column":49},"end":{"line":101,"column":57}},{"start":{"line":101,"column":61},"end":{"line":101,"column":63}}],"line":101},"19":{"loc":{"start":{"line":103,"column":4},"end":{"line":105,"column":5}},"type":"if","locations":[{"start":{"line":103,"column":4},"end":{"line":105,"column":5}},{"start":{},"end":{}}],"line":103},"20":{"loc":{"start":{"line":103,"column":7},"end":{"line":103,"column":32}},"type":"binary-expr","locations":[{"start":{"line":103,"column":7},"end":{"line":103,"column":18}},{"start":{"line":103,"column":22},"end":{"line":103,"column":32}}],"line":103},"21":{"loc":{"start":{"line":106,"column":4},"end":{"line":108,"column":5}},"type":"if","locations":[{"start":{"line":106,"column":4},"end":{"line":108,"column":5}},{"start":{},"end":{}}],"line":106},"22":{"loc":{"start":{"line":109,"column":4},"end":{"line":111,"column":5}},"type":"if","locations":[{"start":{"line":109,"column":4},"end":{"line":111,"column":5}},{"start":{},"end":{}}],"line":109},"23":{"loc":{"start":{"line":115,"column":8},"end":{"line":117,"column":9}},"type":"if","locations":[{"start":{"line":115,"column":8},"end":{"line":117,"column":9}},{"start":{},"end":{}}],"line":115},"24":{"loc":{"start":{"line":121,"column":8},"end":{"line":123,"column":9}},"type":"if","locations":[{"start":{"line":121,"column":8},"end":{"line":123,"column":9}},{"start":{},"end":{}}],"line":121},"25":{"loc":{"start":{"line":141,"column":8},"end":{"line":143,"column":9}},"type":"if","locations":[{"start":{"line":141,"column":8},"end":{"line":143,"column":9}},{"start":{},"end":{}}],"line":141},"26":{"loc":{"start":{"line":155,"column":4},"end":{"line":157,"column":5}},"type":"if","locations":[{"start":{"line":155,"column":4},"end":{"line":157,"column":5}},{"start":{},"end":{}}],"line":155},"27":{"loc":{"start":{"line":167,"column":8},"end":{"line":167,"column":75}},"type":"if","locations":[{"start":{"line":167,"column":8},"end":{"line":167,"column":75}},{"start":{},"end":{}}],"line":167},"28":{"loc":{"start":{"line":215,"column":8},"end":{"line":217,"column":9}},"type":"if","locations":[{"start":{"line":215,"column":8},"end":{"line":217,"column":9}},{"start":{},"end":{}}],"line":215}},"s":{"0":3,"1":3,"2":3,"3":3,"4":3,"5":3,"6":3,"7":3,"8":3,"9":2,"10":3,"11":2,"12":3,"13":7,"14":7,"15":0,"16":7,"17":1,"18":6,"19":1,"20":5,"21":1,"22":4,"23":1,"24":3,"25":3,"26":1,"27":2,"28":2,"29":2,"30":2,"31":3,"32":7,"33":7,"34":7,"35":7,"36":1,"37":6,"38":1,"39":5,"40":1,"41":4,"42":1,"43":3,"44":3,"45":1,"46":1,"47":2,"48":2,"49":2,"50":2,"51":1,"52":1,"53":2,"54":2,"55":1,"56":0,"57":1,"58":1,"59":1,"60":3,"61":6,"62":6,"63":1,"64":5,"65":1,"66":4,"67":1,"68":3,"69":3,"70":3,"71":1,"72":2,"73":2,"74":2,"75":0,"76":2,"77":2,"78":2,"79":2,"80":1,"81":1,"82":1,"83":3,"84":3,"85":3,"86":2,"87":1,"88":1,"89":1,"90":1,"91":3,"92":4,"93":4,"94":1,"95":3,"96":3,"97":2,"98":1,"99":1,"100":1,"101":3,"102":4,"103":4,"104":4,"105":2,"106":2,"107":0,"108":0,"109":3},"f":{"0":2,"1":2,"2":7,"3":7,"4":6,"5":3,"6":4,"7":4},"b":{"0":[0,7],"1":[7,7],"2":[1,6],"3":[1,5],"4":[1,4],"5":[1,3],"6":[1,2],"7":[3,3],"8":[2,1],"9":[1,6],"10":[1,5],"11":[1,4],"12":[1,3],"13":[1,2],"14":[1,1],"15":[2,1],"16":[0,1],"17":[1,1],"18":[6,0],"19":[1,5],"20":[6,5],"21":[1,4],"22":[1,3],"23":[1,2],"24":[0,2],"25":[1,1],"26":[1,3],"27":[1,1],"28":[2,2]},"_coverageSchema":"1a1c01bbd47fc00a2c39e90264f33305004495a9","hash":"c18cb64e5ade398a378467496b00f5c5ad0baf7c"}
,"C:\\appnew\\ZipChat\\backend\\authController.js": {"path":"C:\\appnew\\ZipChat\\backend\\authController.js","statementMap":{"0":{"start":{"line":1,"column":13},"end":{"line":1,"column":30}},"1":{"start":{"line":2,"column":15},"end":{"line":2,"column":34}},"2":{"start":{"line":3,"column":12},"end":{"line":3,"column":35}},"3":{"start":{"line":5,"column":0},"end":{"line":32,"column":1}},"4":{"start":{"line":6,"column":33},"end":{"line":6,"column":41}},"5":{"start":{"line":8,"column":4},"end":{"line":31,"column":5}},"6":{"start":{"line":10,"column":21},"end":{"line":10,"column":51}},"7":{"start":{"line":11,"column":8},"end":{"line":13,"column":9}},"8":{"start":{"line":12,"column":12},"end":{"line":12,"column":74}},"9":{"start":{"line":15,"column":24},"end":{"line":15,"column":69}},"10":{"start":{"line":16,"column":8},"end":{"line":18,"column":9}},"11":{"start":{"line":17,"column":12},"end":{"line":17,"column":71}},"12":{"start":{"line":21,"column":22},"end":{"line":25,"column":9}},"13":{"start":{"line":27,"column":8},"end":{"line":27,"column":26}},"14":{"start":{"line":29,"column":8},"end":{"line":29,"column":29}},"15":{"start":{"line":30,"column":8},"end":{"line":30,"column":57}}},"fnMap":{"0":{"name":"(anonymous_0)","decl":{"start":{"line":5,"column":16},"end":{"line":5,"column":17}},"loc":{"start":{"line":5,"column":35},"end":{"line":32,"column":1}},"line":5}},"branchMap":{"0":{"loc":{"start":{"line":11,"column":8},"end":{"line":13,"column":9}},"type":"if","locations":[{"start":{"line":11,"column":8},"end":{"line":13,"column":9}},{"start":{},"end":{}}],"line":11},"1":{"loc":{"start":{"line":16,"column":8},"end":{"line":18,"column":9}},"type":"if","locations":[{"start":{"line":16,"column":8},"end":{"line":18,"column":9}},{"start":{},"end":{}}],"line":16}},"s":{"0":4,"1":4,"2":4,"3":4,"4":4,"5":4,"6":4,"7":3,"8":1,"9":2,"10":2,"11":1,"12":1,"13":1,"14":1,"15":1},"f":{"0":4},"b":{"0":[1,2],"1":[1,1]},"_coverageSchema":"1a1c01bbd47fc00a2c39e90264f33305004495a9","hash":"c9513029abcf8038f62138794bf79863604b256e"}
,"C:\\appnew\\ZipChat\\backend\\chatroomRoutes.js": {"path":"C:\\appnew\\ZipChat\\backend\\chatroomRoutes.js","statementMap":{"0":{"start":{"line":1,"column":17},"end":{"line":1,"column":36}},"1":{"start":{"line":2,"column":16},"end":{"line":2,"column":34}},"2":{"start":{"line":3,"column":15},"end":{"line":3,"column":31}},"3":{"start":{"line":4,"column":17},"end":{"line":4,"column":38}},"4":{"start":{"line":5,"column":13},"end":{"line":5,"column":30}},"5":{"start":{"line":8,"column":0},"end":{"line":16,"column":3}},"6":{"start":{"line":9,"column":4},"end":{"line":15,"column":5}},"7":{"start":{"line":10,"column":26},"end":{"line":10,"column":79}},"8":{"start":{"line":11,"column":8},"end":{"line":11,"column":28}},"9":{"start":{"line":13,"column":8},"end":{"line":13,"column":56}},"10":{"start":{"line":14,"column":8},"end":{"line":14,"column":53}},"11":{"start":{"line":18,"column":0},"end":{"line":27,"column":3}},"12":{"start":{"line":19,"column":4},"end":{"line":26,"column":5}},"13":{"start":{"line":20,"column":27},"end":{"line":20,"column":37}},"14":{"start":{"line":21,"column":26},"end":{"line":21,"column":98}},"15":{"start":{"line":22,"column":8},"end":{"line":22,"column":28}},"16":{"start":{"line":24,"column":8},"end":{"line":24,"column":56}},"17":{"start":{"line":25,"column":8},"end":{"line":25,"column":53}},"18":{"start":{"line":29,"column":0},"end":{"line":59,"column":3}},"19":{"start":{"line":30,"column":4},"end":{"line":58,"column":5}},"20":{"start":{"line":31,"column":34},"end":{"line":31,"column":42}},"21":{"start":{"line":33,"column":8},"end":{"line":35,"column":9}},"22":{"start":{"line":34,"column":12},"end":{"line":34,"column":83}},"23":{"start":{"line":38,"column":8},"end":{"line":40,"column":9}},"24":{"start":{"line":39,"column":12},"end":{"line":39,"column":97}},"25":{"start":{"line":43,"column":22},"end":{"line":43,"column":69}},"26":{"start":{"line":45,"column":8},"end":{"line":47,"column":9}},"27":{"start":{"line":46,"column":12},"end":{"line":46,"column":85}},"28":{"start":{"line":49,"column":24},"end":{"line":49,"column":51}},"29":{"start":{"line":49,"column":42},"end":{"line":49,"column":50}},"30":{"start":{"line":51,"column":28},"end":{"line":51,"column":68}},"31":{"start":{"line":52,"column":8},"end":{"line":52,"column":33}},"32":{"start":{"line":54,"column":8},"end":{"line":54,"column":42}},"33":{"start":{"line":56,"column":8},"end":{"line":56,"column":53}},"34":{"start":{"line":57,"column":8},"end":{"line":57,"column":24}},"35":{"start":{"line":61,"column":0},"end":{"line":87,"column":3}},"36":{"start":{"line":62,"column":4},"end":{"line":86,"column":5}},"37":{"start":{"line":63,"column":31},"end":{"line":63,"column":41}},"38":{"start":{"line":66,"column":25},"end":{"line":69,"column":19}},"39":{"start":{"line":71,"column":8},"end":{"line":73,"column":9}},"40":{"start":{"line":72,"column":12},"end":{"line":72,"column":73}},"41":{"start":{"line":77,"column":8},"end":{"line":80,"column":11}},"42":{"start":{"line":82,"column":8},"end":{"line":82,"column":27}},"43":{"start":{"line":84,"column":8},"end":{"line":84,"column":55}},"44":{"start":{"line":85,"column":8},"end":{"line":85,"column":53}},"45":{"start":{"line":90,"column":0},"end":{"line":118,"column":3}},"46":{"start":{"line":91,"column":4},"end":{"line":117,"column":5}},"47":{"start":{"line":92,"column":36},"end":{"line":92,"column":44}},"48":{"start":{"line":93,"column":25},"end":{"line":93,"column":63}},"49":{"start":{"line":94,"column":8},"end":{"line":94,"column":84}},"50":{"start":{"line":94,"column":23},"end":{"line":94,"column":84}},"51":{"start":{"line":97,"column":21},"end":{"line":97,"column":48}},"52":{"start":{"line":98,"column":8},"end":{"line":98,"column":77}},"53":{"start":{"line":98,"column":18},"end":{"line":98,"column":77}},"54":{"start":{"line":99,"column":27},"end":{"line":99,"column":54}},"55":{"start":{"line":100,"column":8},"end":{"line":100,"column":43}},"56":{"start":{"line":101,"column":8},"end":{"line":101,"column":30}},"57":{"start":{"line":102,"column":8},"end":{"line":102,"column":96}},"58":{"start":{"line":103,"column":8},"end":{"line":103,"column":27}},"59":{"start":{"line":115,"column":8},"end":{"line":115,"column":53}},"60":{"start":{"line":116,"column":8},"end":{"line":116,"column":24}},"61":{"start":{"line":120,"column":0},"end":{"line":139,"column":3}},"62":{"start":{"line":121,"column":4},"end":{"line":138,"column":5}},"63":{"start":{"line":122,"column":25},"end":{"line":122,"column":38}},"64":{"start":{"line":124,"column":6},"end":{"line":127,"column":7}},"65":{"start":{"line":125,"column":10},"end":{"line":125,"column":64}},"66":{"start":{"line":126,"column":10},"end":{"line":126,"column":82}},"67":{"start":{"line":129,"column":30},"end":{"line":129,"column":74}},"68":{"start":{"line":131,"column":6},"end":{"line":133,"column":7}},"69":{"start":{"line":132,"column":8},"end":{"line":132,"column":70}},"70":{"start":{"line":134,"column":6},"end":{"line":134,"column":59}},"71":{"start":{"line":136,"column":8},"end":{"line":136,"column":57}},"72":{"start":{"line":137,"column":8},"end":{"line":137,"column":56}},"73":{"start":{"line":141,"column":0},"end":{"line":141,"column":24}}},"fnMap":{"0":{"name":"(anonymous_0)","decl":{"start":{"line":8,"column":16},"end":{"line":8,"column":17}},"loc":{"start":{"line":8,"column":36},"end":{"line":16,"column":1}},"line":8},"1":{"name":"(anonymous_1)","decl":{"start":{"line":18,"column":29},"end":{"line":18,"column":30}},"loc":{"start":{"line":18,"column":49},"end":{"line":27,"column":1}},"line":18},"2":{"name":"(anonymous_2)","decl":{"start":{"line":29,"column":17},"end":{"line":29,"column":18}},"loc":{"start":{"line":29,"column":37},"end":{"line":59,"column":1}},"line":29},"3":{"name":"(anonymous_3)","decl":{"start":{"line":49,"column":34},"end":{"line":49,"column":35}},"loc":{"start":{"line":49,"column":42},"end":{"line":49,"column":50}},"line":49},"4":{"name":"(anonymous_4)","decl":{"start":{"line":61,"column":27},"end":{"line":61,"column":28}},"loc":{"start":{"line":61,"column":47},"end":{"line":87,"column":1}},"line":61},"5":{"name":"(anonymous_5)","decl":{"start":{"line":90,"column":28},"end":{"line":90,"column":29}},"loc":{"start":{"line":90,"column":48},"end":{"line":118,"column":1}},"line":90},"6":{"name":"(anonymous_6)","decl":{"start":{"line":120,"column":22},"end":{"line":120,"column":23}},"loc":{"start":{"line":120,"column":41},"end":{"line":139,"column":1}},"line":120}},"branchMap":{"0":{"loc":{"start":{"line":33,"column":8},"end":{"line":35,"column":9}},"type":"if","locations":[{"start":{"line":33,"column":8},"end":{"line":35,"column":9}},{"start":{},"end":{}}],"line":33},"1":{"loc":{"start":{"line":33,"column":12},"end":{"line":33,"column":45}},"type":"binary-expr","locations":[{"start":{"line":33,"column":12},"end":{"line":33,"column":17}},{"start":{"line":33,"column":21},"end":{"line":33,"column":45}}],"line":33},"2":{"loc":{"start":{"line":38,"column":8},"end":{"line":40,"column":9}},"type":"if","locations":[{"start":{"line":38,"column":8},"end":{"line":40,"column":9}},{"start":{},"end":{}}],"line":38},"3":{"loc":{"start":{"line":38,"column":12},"end":{"line":38,"column":42}},"type":"binary-expr","locations":[{"start":{"line":38,"column":12},"end":{"line":38,"column":20}},{"start":{"line":38,"column":24},"end":{"line":38,"column":42}}],"line":38},"4":{"loc":{"start":{"line":45,"column":8},"end":{"line":47,"column":9}},"type":"if","locations":[{"start":{"line":45,"column":8},"end":{"line":47,"column":9}},{"start":{},"end":{}}],"line":45},"5":{"loc":{"start":{"line":71,"column":8},"end":{"line":73,"column":9}},"type":"if","locations":[{"start":{"line":71,"column":8},"end":{"line":73,"column":9}},{"start":{},"end":{}}],"line":71},"6":{"loc":{"start":{"line":94,"column":8},"end":{"line":94,"column":84}},"type":"if","locations":[{"start":{"line":94,"column":8},"end":{"line":94,"column":84}},{"start":{},"end":{}}],"line":94},"7":{"loc":{"start":{"line":98,"column":8},"end":{"line":98,"column":77}},"type":"if","locations":[{"start":{"line":98,"column":8},"end":{"line":98,"column":77}},{"start":{},"end":{}}],"line":98},"8":{"loc":{"start":{"line":124,"column":6},"end":{"line":127,"column":7}},"type":"if","locations":[{"start":{"line":124,"column":6},"end":{"line":127,"column":7}},{"start":{},"end":{}}],"line":124},"9":{"loc":{"start":{"line":131,"column":6},"end":{"line":133,"column":7}},"type":"if","locations":[{"start":{"line":131,"column":6},"end":{"line":133,"column":7}},{"start":{},"end":{}}],"line":131}},"s":{"0":3,"1":3,"2":3,"3":3,"4":3,"5":3,"6":3,"7":3,"8":2,"9":1,"10":1,"11":3,"12":2,"13":2,"14":2,"15":1,"16":1,"17":1,"18":3,"19":4,"20":4,"21":4,"22":1,"23":3,"24":1,"25":2,"26":2,"27":1,"28":1,"29":2,"30":1,"31":1,"32":1,"33":0,"34":0,"35":3,"36":1,"37":1,"38":1,"39":1,"40":0,"41":1,"42":1,"43":0,"44":0,"45":3,"46":1,"47":1,"48":1,"49":1,"50":0,"51":1,"52":1,"53":0,"54":1,"55":1,"56":1,"57":1,"58":1,"59":0,"60":0,"61":3,"62":2,"63":2,"64":2,"65":1,"66":1,"67":1,"68":1,"69":0,"70":1,"71":0,"72":0,"73":3},"f":{"0":3,"1":2,"2":4,"3":2,"4":1,"5":1,"6":2},"b":{"0":[1,3],"1":[4,3],"2":[1,2],"3":[3,3],"4":[1,1],"5":[0,1],"6":[0,1],"7":[0,1],"8":[1,1],"9":[0,1]},"_coverageSchema":"1a1c01bbd47fc00a2c39e90264f33305004495a9","hash":"a1c37b8bc61d972108728002baf4067a71278433"}
,"C:\\appnew\\ZipChat\\backend\\db.js": {"path":"C:\\appnew\\ZipChat\\backend\\db.js","statementMap":{"0":{"start":{"line":2,"column":17},"end":{"line":2,"column":36}},"1":{"start":{"line":4,"column":18},"end":{"line":27,"column":1}},"2":{"start":{"line":5,"column":18},"end":{"line":5,"column":52}},"3":{"start":{"line":6,"column":4},"end":{"line":9,"column":5}},"4":{"start":{"line":7,"column":8},"end":{"line":7,"column":49}},"5":{"start":{"line":8,"column":8},"end":{"line":8,"column":54}},"6":{"start":{"line":10,"column":4},"end":{"line":26,"column":5}},"7":{"start":{"line":11,"column":8},"end":{"line":13,"column":9}},"8":{"start":{"line":12,"column":12},"end":{"line":12,"column":40}},"9":{"start":{"line":15,"column":8},"end":{"line":19,"column":10}},"10":{"start":{"line":21,"column":8},"end":{"line":21,"column":41}},"11":{"start":{"line":23,"column":8},"end":{"line":23,"column":53}},"12":{"start":{"line":25,"column":8},"end":{"line":25,"column":54}},"13":{"start":{"line":29,"column":16},"end":{"line":42,"column":1}},"14":{"start":{"line":30,"column":4},"end":{"line":41,"column":5}},"15":{"start":{"line":31,"column":8},"end":{"line":34,"column":9}},"16":{"start":{"line":32,"column":12},"end":{"line":32,"column":58}},"17":{"start":{"line":33,"column":12},"end":{"line":33,"column":19}},"18":{"start":{"line":36,"column":8},"end":{"line":36,"column":42}},"19":{"start":{"line":37,"column":8},"end":{"line":37,"column":48}},"20":{"start":{"line":39,"column":8},"end":{"line":39,"column":65}},"21":{"start":{"line":40,"column":8},"end":{"line":40,"column":18}},"22":{"start":{"line":44,"column":0},"end":{"line":44,"column":38}}},"fnMap":{"0":{"name":"(anonymous_0)","decl":{"start":{"line":4,"column":18},"end":{"line":4,"column":19}},"loc":{"start":{"line":4,"column":45},"end":{"line":27,"column":1}},"line":4},"1":{"name":"(anonymous_1)","decl":{"start":{"line":29,"column":16},"end":{"line":29,"column":17}},"loc":{"start":{"line":29,"column":28},"end":{"line":42,"column":1}},"line":29}},"branchMap":{"0":{"loc":{"start":{"line":4,"column":24},"end":{"line":4,"column":40}},"type":"default-arg","locations":[{"start":{"line":4,"column":36},"end":{"line":4,"column":40}}],"line":4},"1":{"loc":{"start":{"line":5,"column":18},"end":{"line":5,"column":52}},"type":"binary-expr","locations":[{"start":{"line":5,"column":18},"end":{"line":5,"column":27}},{"start":{"line":5,"column":31},"end":{"line":5,"column":52}}],"line":5},"2":{"loc":{"start":{"line":6,"column":4},"end":{"line":9,"column":5}},"type":"if","locations":[{"start":{"line":6,"column":4},"end":{"line":9,"column":5}},{"start":{},"end":{}}],"line":6},"3":{"loc":{"start":{"line":11,"column":8},"end":{"line":13,"column":9}},"type":"if","locations":[{"start":{"line":11,"column":8},"end":{"line":13,"column":9}},{"start":{},"end":{}}],"line":11},"4":{"loc":{"start":{"line":31,"column":8},"end":{"line":34,"column":9}},"type":"if","locations":[{"start":{"line":31,"column":8},"end":{"line":34,"column":9}},{"start":{},"end":{}}],"line":31}},"s":{"0":4,"1":4,"2":10,"3":10,"4":1,"5":1,"6":9,"7":9,"8":4,"9":9,"10":7,"11":2,"12":2,"13":4,"14":7,"15":7,"16":4,"17":4,"18":3,"19":3,"20":0,"21":0,"22":4},"f":{"0":10,"1":7},"b":{"0":[4],"1":[10,4],"2":[1,9],"3":[4,5],"4":[4,3]},"_coverageSchema":"1a1c01bbd47fc00a2c39e90264f33305004495a9","hash":"faa06434bf76b8e21f60a435853fbcb1a8647884"}
,"C:\\appnew\\ZipChat\\backend\\server.js": {"path":"C:\\appnew\\ZipChat\\backend\\server.js","statementMap":{"0":{"start":{"line":1,"column":16},"end":{"line":1,"column":34}},"1":{"start":{"line":2,"column":15},"end":{"line":2,"column":32}},"2":{"start":{"line":3,"column":13},"end":{"line":3,"column":28}},"3":{"start":{"line":4,"column":20},"end":{"line":4,"column":35}},"4":{"start":{"line":6,"column":0},"end":{"line":6,"column":16}},"5":{"start":{"line":8,"column":12},"end":{"line":8,"column":21}},"6":{"start":{"line":11,"column":0},"end":{"line":11,"column":24}},"7":{"start":{"line":13,"column":0},"end":{"line":18,"column":4}},"8":{"start":{"line":20,"column":0},"end":{"line":20,"column":12}},"9":{"start":{"line":22,"column":0},"end":{"line":22,"column":40}},"10":{"start":{"line":24,"column":0},"end":{"line":24,"column":54}},"11":{"start":{"line":26,"column":23},"end":{"line":26,"column":50}},"12":{"start":{"line":38,"column":13},"end":{"line":38,"column":37}},"13":{"start":{"line":41,"column":0},"end":{"line":43,"column":1}},"14":{"start":{"line":42,"column":4},"end":{"line":42,"column":83}},"15":{"start":{"line":42,"column":36},"end":{"line":42,"column":81}},"16":{"start":{"line":52,"column":0},"end":{"line":52,"column":31}}},"fnMap":{"0":{"name":"(anonymous_0)","decl":{"start":{"line":42,"column":30},"end":{"line":42,"column":31}},"loc":{"start":{"line":42,"column":36},"end":{"line":42,"column":81}},"line":42}},"branchMap":{"0":{"loc":{"start":{"line":38,"column":13},"end":{"line":38,"column":37}},"type":"binary-expr","locations":[{"start":{"line":38,"column":13},"end":{"line":38,"column":29}},{"start":{"line":38,"column":33},"end":{"line":38,"column":37}}],"line":38},"1":{"loc":{"start":{"line":41,"column":0},"end":{"line":43,"column":1}},"type":"if","locations":[{"start":{"line":41,"column":0},"end":{"line":43,"column":1}},{"start":{},"end":{}}],"line":41}},"s":{"0":3,"1":3,"2":3,"3":3,"4":3,"5":3,"6":3,"7":3,"8":3,"9":3,"10":3,"11":3,"12":3,"13":3,"14":0,"15":0,"16":3},"f":{"0":0},"b":{"0":[3,0],"1":[0,3]},"_coverageSchema":"1a1c01bbd47fc00a2c39e90264f33305004495a9","hash":"cad31e55abc18b5cb22e482c5e2a4901c4d15398"}
}
