TN:
SF:Chatroom.js
FNF:0
FNH:0
DA:1,2
DA:3,2
DA:9,2
DA:15,2
LF:4
LH:4
BRF:0
BRH:0
end_of_record
TN:
SF:User.js
FNF:0
FNH:0
DA:1,4
DA:3,4
DA:11,4
LF:3
LH:3
BRF:0
BRH:0
end_of_record
TN:
SF:auth.js
FN:12,(anonymous_0)
FN:16,(anonymous_1)
FN:22,(anonymous_2)
FN:52,(anonymous_3)
FN:100,(anonymous_4)
FN:137,(anonymous_5)
FN:152,(anonymous_6)
FN:212,(anonymous_7)
FNF:8
FNH:8
FNDA:2,(anonymous_0)
FNDA:2,(anonymous_1)
FNDA:7,(anonymous_2)
FNDA:7,(anonymous_3)
FNDA:6,(anonymous_4)
FNDA:3,(anonymous_5)
FNDA:4,(anonymous_6)
FNDA:4,(anonymous_7)
DA:3,2
DA:4,2
DA:5,2
DA:6,2
DA:7,2
DA:8,2
DA:9,2
DA:10,2
DA:12,2
DA:13,2
DA:16,2
DA:17,2
DA:22,2
DA:23,7
DA:24,7
DA:25,0
DA:28,7
DA:29,1
DA:31,6
DA:32,1
DA:34,5
DA:35,1
DA:37,4
DA:38,1
DA:41,3
DA:42,3
DA:43,1
DA:45,2
DA:46,2
DA:47,2
DA:48,2
DA:52,2
DA:53,7
DA:54,7
DA:55,7
DA:57,7
DA:58,1
DA:60,6
DA:61,1
DA:63,5
DA:64,1
DA:66,4
DA:67,1
DA:70,3
DA:71,3
DA:72,1
DA:73,1
DA:76,2
DA:77,2
DA:79,2
DA:80,2
DA:81,1
DA:82,1
DA:84,2
DA:86,2
DA:88,1
DA:89,0
DA:91,1
DA:95,1
DA:96,1
DA:100,2
DA:101,6
DA:103,6
DA:104,1
DA:106,5
DA:107,1
DA:109,4
DA:110,1
DA:113,3
DA:114,3
DA:115,3
DA:116,1
DA:118,2
DA:119,2
DA:121,2
DA:122,0
DA:124,2
DA:125,2
DA:126,2
DA:127,2
DA:129,1
DA:131,1
DA:132,1
DA:137,2
DA:138,3
DA:139,3
DA:141,2
DA:142,1
DA:144,1
DA:146,1
DA:147,1
DA:152,2
DA:153,4
DA:155,4
DA:156,1
DA:158,3
DA:160,3
DA:167,2
DA:169,1
DA:171,1
DA:212,2
DA:213,4
DA:214,4
DA:215,4
DA:216,2
DA:219,2
DA:225,0
DA:226,0
DA:232,2
LF:109
LH:104
BRDA:24,0,0,0
BRDA:24,0,1,7
BRDA:24,1,0,7
BRDA:24,1,1,7
BRDA:28,2,0,1
BRDA:28,2,1,6
BRDA:31,3,0,1
BRDA:31,3,1,5
BRDA:34,4,0,1
BRDA:34,4,1,4
BRDA:37,5,0,1
BRDA:37,5,1,3
BRDA:42,6,0,1
BRDA:42,6,1,2
BRDA:42,7,0,3
BRDA:42,7,1,3
BRDA:47,8,0,2
BRDA:47,8,1,1
BRDA:57,9,0,1
BRDA:57,9,1,6
BRDA:60,10,0,1
BRDA:60,10,1,5
BRDA:63,11,0,1
BRDA:63,11,1,4
BRDA:66,12,0,1
BRDA:66,12,1,3
BRDA:71,13,0,1
BRDA:71,13,1,2
BRDA:80,14,0,1
BRDA:80,14,1,1
BRDA:80,15,0,2
BRDA:80,15,1,1
BRDA:88,16,0,0
BRDA:88,16,1,1
BRDA:88,17,0,1
BRDA:88,17,1,1
BRDA:101,18,0,6
BRDA:101,18,1,0
BRDA:103,19,0,1
BRDA:103,19,1,5
BRDA:103,20,0,6
BRDA:103,20,1,5
BRDA:106,21,0,1
BRDA:106,21,1,4
BRDA:109,22,0,1
BRDA:109,22,1,3
BRDA:115,23,0,1
BRDA:115,23,1,2
BRDA:121,24,0,0
BRDA:121,24,1,2
BRDA:141,25,0,1
BRDA:141,25,1,1
BRDA:155,26,0,1
BRDA:155,26,1,3
BRDA:167,27,0,1
BRDA:167,27,1,1
BRDA:215,28,0,2
BRDA:215,28,1,2
BRF:58
BRH:54
end_of_record
TN:
SF:authController.js
FN:5,(anonymous_0)
FNF:1
FNH:1
FNDA:4,(anonymous_0)
DA:1,3
DA:2,3
DA:3,3
DA:5,3
DA:6,4
DA:8,4
DA:10,4
DA:11,3
DA:12,1
DA:15,2
DA:16,2
DA:17,1
DA:21,1
DA:27,1
DA:29,1
DA:30,1
LF:16
LH:16
BRDA:11,0,0,1
BRDA:11,0,1,2
BRDA:16,1,0,1
BRDA:16,1,1,1
BRF:4
BRH:4
end_of_record
TN:
SF:chatroomRoutes.js
FN:7,(anonymous_0)
FN:17,(anonymous_1)
FN:28,(anonymous_2)
FN:48,(anonymous_3)
FN:60,(anonymous_4)
FN:89,(anonymous_5)
FN:119,(anonymous_6)
FNF:7
FNH:1
FNDA:1,(anonymous_0)
FNDA:0,(anonymous_1)
FNDA:0,(anonymous_2)
FNDA:0,(anonymous_3)
FNDA:0,(anonymous_4)
FNDA:0,(anonymous_5)
FNDA:0,(anonymous_6)
DA:1,2
DA:2,2
DA:3,2
DA:4,2
DA:5,2
DA:7,2
DA:8,1
DA:9,1
DA:10,1
DA:12,0
DA:13,0
DA:17,2
DA:18,0
DA:19,0
DA:20,0
DA:21,0
DA:23,0
DA:24,0
DA:28,2
DA:29,0
DA:30,0
DA:32,0
DA:33,0
DA:37,0
DA:38,0
DA:42,0
DA:44,0
DA:45,0
DA:48,0
DA:50,0
DA:51,0
DA:53,0
DA:55,0
DA:56,0
DA:60,2
DA:61,0
DA:62,0
DA:65,0
DA:70,0
DA:71,0
DA:76,0
DA:81,0
DA:83,0
DA:84,0
DA:89,2
DA:90,0
DA:91,0
DA:92,0
DA:93,0
DA:96,0
DA:97,0
DA:98,0
DA:99,0
DA:100,0
DA:101,0
DA:102,0
DA:114,0
DA:115,0
DA:119,2
DA:120,0
DA:121,0
DA:123,0
DA:124,0
DA:125,0
DA:128,0
DA:130,0
DA:131,0
DA:133,0
DA:135,0
DA:136,0
DA:140,2
LF:71
LH:15
BRDA:32,0,0,0
BRDA:32,0,1,0
BRDA:32,1,0,0
BRDA:32,1,1,0
BRDA:37,2,0,0
BRDA:37,2,1,0
BRDA:37,3,0,0
BRDA:37,3,1,0
BRDA:44,4,0,0
BRDA:44,4,1,0
BRDA:70,5,0,0
BRDA:70,5,1,0
BRDA:93,6,0,0
BRDA:93,6,1,0
BRDA:97,7,0,0
BRDA:97,7,1,0
BRDA:123,8,0,0
BRDA:123,8,1,0
BRDA:130,9,0,0
BRDA:130,9,1,0
BRF:20
BRH:0
end_of_record
TN:
SF:db.js
FN:4,(anonymous_0)
FN:29,(anonymous_1)
FNF:2
FNH:2
FNDA:8,(anonymous_0)
FNDA:6,(anonymous_1)
DA:2,3
DA:4,3
DA:5,8
DA:6,8
DA:7,1
DA:8,1
DA:10,7
DA:11,7
DA:12,3
DA:15,7
DA:21,5
DA:23,2
DA:25,2
DA:29,3
DA:30,6
DA:31,6
DA:32,4
DA:33,4
DA:36,2
DA:37,2
DA:39,0
DA:40,0
DA:44,3
LF:23
LH:21
BRDA:4,0,0,3
BRDA:5,1,0,8
BRDA:5,1,1,3
BRDA:6,2,0,1
BRDA:6,2,1,7
BRDA:11,3,0,3
BRDA:11,3,1,4
BRDA:31,4,0,4
BRDA:31,4,1,2
BRF:9
BRH:9
end_of_record
TN:
SF:server.js
FN:42,(anonymous_0)
FNF:1
FNH:0
FNDA:0,(anonymous_0)
DA:1,2
DA:2,2
DA:3,2
DA:4,2
DA:6,2
DA:8,2
DA:11,2
DA:13,2
DA:20,2
DA:22,2
DA:24,2
DA:26,2
DA:38,2
DA:41,2
DA:42,0
DA:52,2
LF:16
LH:15
BRDA:38,0,0,2
BRDA:38,0,1,0
BRDA:41,1,0,0
BRDA:41,1,1,2
BRF:4
BRH:2
end_of_record
